<?xml version="1.0" encoding="UTF-8"?>
<coverage generated="1677258149312" clover="3.2.0">
  <project timestamp="1677258149312" name="All files">
    <metrics statements="6" coveredstatements="6" conditionals="0" coveredconditionals="0" methods="3" coveredmethods="3" elements="9" coveredelements="9" complexity="0" loc="6" ncloc="6" packages="1" files="2" classes="2"/>
    <file name="arrays.js" path="/Users/kenneturrutia/Desktop/Cursos/Jest/jestsource/src/arrays.js">
      <metrics statements="3" coveredstatements="3" conditionals="0" coveredconditionals="0" methods="2" coveredmethods="2"/>
      <line num="2" count="3" type="stmt"/>
      <line num="11" count="1" type="stmt"/>
      <line num="19" count="1" type="stmt"/>
    </file>
    <file name="sum.js" path="/Users/kenneturrutia/Desktop/Cursos/Jest/jestsource/src/sum.js">
      <metrics statements="3" coveredstatements="3" conditionals="0" coveredconditionals="0" methods="1" coveredmethods="1"/>
      <line num="2" count="4" type="stmt"/>
      <line num="3" count="4" type="stmt"/>
      <line num="6" count="1" type="stmt"/>
    </file>
  </project>
</coverage>
