{"/Users/kenneturrutia/Desktop/Cursos/Jest/jestsource/src/arrays.js": {"path":"/Users/kenneturrutia/Desktop/Cursos/Jest/jestsource/src/arrays.js","statementMap":{"0":{"start":{"line":2,"column":2},"end":{"line":7,"column":3}},"1":{"start":{"line":11,"column":2},"end":{"line":16,"column":3}},"2":{"start":{"line":19,"column":0},"end":{"line":22,"column":1}}},"fnMap":{"0":{"name":"carList","decl":{"start":{"line":1,"column":9},"end":{"line":1,"column":16}},"loc":{"start":{"line":1,"column":19},"end":{"line":8,"column":1}},"line":1},"1":{"name":"brandsList","decl":{"start":{"line":10,"column":9},"end":{"line":10,"column":19}},"loc":{"start":{"line":10,"column":21},"end":{"line":17,"column":1}},"line":10}},"branchMap":{},"s":{"0":3,"1":0,"2":1},"f":{"0":3,"1":0},"b":{},"_coverageSchema":"1a1c01bbd47fc00a2c39e90264f33305004495a9","hash":"134c4ba9b15d577ef98db3b027e763c4b1a3b468"}
,"/Users/kenneturrutia/Desktop/Cursos/Jest/jestsource/src/sum.js": {"path":"/Users/kenneturrutia/Desktop/Cursos/Jest/jestsource/src/sum.js","statementMap":{"0":{"start":{"line":2,"column":17},"end":{"line":2,"column":22}},"1":{"start":{"line":3,"column":2},"end":{"line":3,"column":15}},"2":{"start":{"line":6,"column":0},"end":{"line":6,"column":20}}},"fnMap":{"0":{"name":"sum","decl":{"start":{"line":1,"column":9},"end":{"line":1,"column":12}},"loc":{"start":{"line":1,"column":19},"end":{"line":4,"column":1}},"line":1}},"branchMap":{},"s":{"0":4,"1":4,"2":1},"f":{"0":4},"b":{},"_coverageSchema":"1a1c01bbd47fc00a2c39e90264f33305004495a9","hash":"7429397f603c3f3513fc54b8567653b08fdabadd"}
}
